REPORT[10]=3000,3001,
REPORT[20]=3000,3001,
REPORT[30]=3000,3001,
REPORT[1001]=3002,3003,
REPORT[1002]=3000,3001,
REPORT[1003]=3000,3002,
REPORT[1004]=3000,3002,
REPORT[1007]=3000,3002,
REPORT[1010]=3000,3002,3008,3009,3010,3011,
REPORT[1011]=3000,3002,3004,
REPORT[1013]=3000,3002,3007,
REPORT[1014]=3000,3002,3007,
REPORT[1018]=3000,3003,3015,
REPORT[1019]=3000,3002,3016,3017,3018,
REPORT[1020]=3000,3002,3019,3020,3021,3022,
REPORT[1100]=3000,3002,3100,
REPORT[1101]=3000,3002,3101,
REPORT[1102]=3000,3002,3102,
REPORT[1103]=3000,3002,3103,3104,
REPORT[1105]=3000,3002,3105,3106,
REPORT[1106]=3000,3002,3107,3108,
REPORT[1107]=3000,3002,3109,3110,
REPORT[1108]=3000,3002,3111,3112,3113,
REPORT[1112]=3000,3002,3120,3121,
REPORT[1113]=3000,3002,3122,3123,
REPORT[1114]=3000,3002,3124,3125,
REPORT[1115]=3000,3002,3126,3127,
REPORT[1200]=3000,3002,3200,
REPORT[1201]=3000,3002,3201,
REPORT[1202]=3000,3002,3202,3203,
REPORT[1203]=3000,3002,3204,
REPORT[1204]=3000,3002,3205,3206,
REPORT[1205]=3000,3002,3207,3208,
REPORT[1206]=3000,3002,3209,3210,
REPORT[1207]=3000,3002,3211,3212,
REPORT[1208]=3000,3002,3213,3214,
REPORT[1209]=3000,3002,3215,3216,
REPORT[1300]=3000,3002,3300,
REPORT[1301]=3000,3002,3301,3302,
REPORT[1302]=3000,3002,3303,3304,
REPORT[1303]=3000,3002,3305,
REPORT[1304]=3000,3002,3306,3307,
REPORT[1305]=3000,3002,
REPORT[1306]=3000,3002,3308,3309,
REPORT[1307]=3000,3002,3310,
REPORT[1308]=3000,3002,3311,3312,
REPORT[1309]=3000,3002,3313,3314,
REPORT[1310]=3000,3002,3315,3316,
REPORT[1311]=3000,3002,3317,3318,
REPORT[1312]=3000,3002,3319,3320,
REPORT[1313]=3000,3002,3321,3322,
REPORT[1314]=3000,3002,3323,3324,
REPORT[1315]=3000,3002,3325,3326,
REPORT[1316]=3000,3002,3327,3328,
REPORT[1317]=3000,3002,3329,3330,
REPORT[1318]=3000,3002,3331,3332,
REPORT[1319]=3000,3002,3333,3334,
REPORT[1320]=3000,3002,3335,3336,
EVENT[1000]=10,20,30,
EVENT[1001]=1001,
EVENT[1002]=1002,
EVENT[1003]=1003,
EVENT[1004]=1004,
EVENT[1007]=1007,
EVENT[1010]=1010,
EVENT[1011]=1011,
EVENT[1013]=1013,
EVENT[1014]=1014,
EVENT[1018]=1018,
EVENT[1019]=1019,
EVENT[1020]=1020,
EVENT[1100]=1100,
EVENT[1101]=1101,
EVENT[1102]=1102,
EVENT[1103]=1103,
EVENT[1105]=1105,
EVENT[1106]=1106,
EVENT[1107]=1107,
EVENT[1108]=1108,
EVENT[1112]=1112,
EVENT[1113]=1113,
EVENT[1114]=1114,
EVENT[1115]=1115,
EVENT[1200]=1200,
EVENT[1201]=1201,
EVENT[1202]=1202,
EVENT[1203]=1203,
EVENT[1204]=1204,
EVENT[1205]=1205,
EVENT[1206]=1206,
EVENT[1207]=1207,
EVENT[1208]=1208,
EVENT[1209]=1209,
EVENT[1300]=1300,
EVENT[1301]=1301,
EVENT[1302]=1302,
EVENT[1303]=1303,
EVENT[1304]=1304,
EVENT[1305]=1305,
EVENT[1306]=1306,
EVENT[1307]=1307,
EVENT[1308]=1308,
EVENT[1309]=1309,
EVENT[1310]=1310,
EVENT[1311]=1311,
EVENT[1312]=1312,
EVENT[1313]=1313,
EVENT[1314]=1314,
EVENT[1315]=1315,
EVENT[1316]=1316,
EVENT[1317]=1317,
EVENT[1318]=1318,
EVENT[1319]=1319,
EVENT[1320]=1320,
DATAID=0
